Determining if the function iconv_open exists failed with the following output:
Change Dir: /run/media/raboten/c03df044-bb85-4f9c-a53f-e537b8a024a0/gemrb-0.8.6/build/CMakeFiles/CMakeTmp

Run Build Command(s):/usr/bin/make cmTC_a58d8/fast && /usr/bin/make  -f CMakeFiles/cmTC_a58d8.dir/build.make CMakeFiles/cmTC_a58d8.dir/build
make[1]: Entering directory '/run/media/raboten/c03df044-bb85-4f9c-a53f-e537b8a024a0/gemrb-0.8.6/build/CMakeFiles/CMakeTmp'
Building C object CMakeFiles/cmTC_a58d8.dir/CheckFunctionExists.c.o
/run/media/raboten/c03df044-bb85-4f9c-a53f-e537b8a024a0/buildroot/output/host/usr/bin/mipsel-RetroFW-linux-uclibc-gcc --sysroot=/run/media/raboten/c03df044-bb85-4f9c-a53f-e537b8a024a0/buildroot/output/host/usr/mipsel-RetroFW-linux-uclibc/sysroot   -D_LARGEFILE_SOURCE -D_LARGEFILE64_SOURCE -D_FILE_OFFSET_BITS=64 -O2 -DCHECK_FUNCTION_EXISTS=iconv_open  -DNDEBUG -o CMakeFiles/cmTC_a58d8.dir/CheckFunctionExists.c.o -c /usr/share/cmake-3.18/Modules/CheckFunctionExists.c
Linking C executable cmTC_a58d8
/usr/bin/cmake -E cmake_link_script CMakeFiles/cmTC_a58d8.dir/link.txt --verbose=1
/run/media/raboten/c03df044-bb85-4f9c-a53f-e537b8a024a0/buildroot/output/host/usr/bin/mipsel-RetroFW-linux-uclibc-gcc --sysroot=/run/media/raboten/c03df044-bb85-4f9c-a53f-e537b8a024a0/buildroot/output/host/usr/mipsel-RetroFW-linux-uclibc/sysroot -D_LARGEFILE_SOURCE -D_LARGEFILE64_SOURCE -D_FILE_OFFSET_BITS=64 -O2 -DCHECK_FUNCTION_EXISTS=iconv_open  -DNDEBUG CMakeFiles/cmTC_a58d8.dir/CheckFunctionExists.c.o -o cmTC_a58d8 
CMakeFiles/cmTC_a58d8.dir/CheckFunctionExists.c.o: In function `main':
CheckFunctionExists.c:(.text.startup+0xc): undefined reference to `iconv_open'
CheckFunctionExists.c:(.text.startup+0x28): undefined reference to `iconv_open'
collect2: error: ld returned 1 exit status
make[1]: *** [CMakeFiles/cmTC_a58d8.dir/build.make:106: cmTC_a58d8] Error 1
make[1]: Leaving directory '/run/media/raboten/c03df044-bb85-4f9c-a53f-e537b8a024a0/gemrb-0.8.6/build/CMakeFiles/CMakeTmp'
make: *** [Makefile:140: cmTC_a58d8/fast] Error 2



Performing C++ SOURCE FILE Test ICONV_ACCEPTS_CONST_INPUT failed with the following output:
Change Dir: /run/media/raboten/c03df044-bb85-4f9c-a53f-e537b8a024a0/gemrb-0.8.6/build/CMakeFiles/CMakeTmp

Run Build Command(s):/usr/bin/make cmTC_bccda/fast && /usr/bin/make  -f CMakeFiles/cmTC_bccda.dir/build.make CMakeFiles/cmTC_bccda.dir/build
make[1]: Entering directory '/run/media/raboten/c03df044-bb85-4f9c-a53f-e537b8a024a0/gemrb-0.8.6/build/CMakeFiles/CMakeTmp'
Building CXX object CMakeFiles/cmTC_bccda.dir/src.cxx.o
/run/media/raboten/c03df044-bb85-4f9c-a53f-e537b8a024a0/buildroot/output/host/usr/bin/mipsel-RetroFW-linux-uclibc-g++ --sysroot=/run/media/raboten/c03df044-bb85-4f9c-a53f-e537b8a024a0/buildroot/output/host/usr/mipsel-RetroFW-linux-uclibc/sysroot   -D_LARGEFILE_SOURCE -D_LARGEFILE64_SOURCE -D_FILE_OFFSET_BITS=64 -O2 -Wall -W -Wpointer-arith  -pedantic -Wno-format-y2k -Wno-long-long -fsigned-char -fvisibility=hidden -fno-stack-protector -Wimplicit-fallthrough=2 -DICONV_ACCEPTS_CONST_INPUT  -DNDEBUG -o CMakeFiles/cmTC_bccda.dir/src.cxx.o -c /run/media/raboten/c03df044-bb85-4f9c-a53f-e537b8a024a0/gemrb-0.8.6/build/CMakeFiles/CMakeTmp/src.cxx
/run/media/raboten/c03df044-bb85-4f9c-a53f-e537b8a024a0/gemrb-0.8.6/build/CMakeFiles/CMakeTmp/src.cxx: In function ‘int main()’:
/run/media/raboten/c03df044-bb85-4f9c-a53f-e537b8a024a0/gemrb-0.8.6/build/CMakeFiles/CMakeTmp/src.cxx:4:32: error: invalid conversion from ‘const char**’ to ‘char**’ [-fpermissive]
             iconv(iconv_t(-1), &p, 0, 0, 0);
                                ^~
In file included from /run/media/raboten/c03df044-bb85-4f9c-a53f-e537b8a024a0/gemrb-0.8.6/build/CMakeFiles/CMakeTmp/src.cxx:1:0:
../../../../buildroot/output/host/mipsel-RetroFW-linux-uclibc/sysroot/usr/include/iconv.h:82:15: note:   initializing argument 2 of ‘size_t libiconv(libiconv_t, char**, size_t*, char**, size_t*)’
 extern size_t iconv (iconv_t cd,  char* * inbuf, size_t *inbytesleft, char* * outbuf, size_t *outbytesleft);
               ^
make[1]: *** [CMakeFiles/cmTC_bccda.dir/build.make:85: CMakeFiles/cmTC_bccda.dir/src.cxx.o] Error 1
make[1]: Leaving directory '/run/media/raboten/c03df044-bb85-4f9c-a53f-e537b8a024a0/gemrb-0.8.6/build/CMakeFiles/CMakeTmp'
make: *** [Makefile:140: cmTC_bccda/fast] Error 2


Source file was:
#include <iconv.h>
         int main() {
            char const *p = 0;
            iconv(iconv_t(-1), &p, 0, 0, 0);
         }
Determining if the function _aligned_malloc exists failed with the following output:
Change Dir: /run/media/raboten/c03df044-bb85-4f9c-a53f-e537b8a024a0/gemrb-0.8.6/build/CMakeFiles/CMakeTmp

Run Build Command(s):/usr/bin/make cmTC_306fc/fast && /usr/bin/make  -f CMakeFiles/cmTC_306fc.dir/build.make CMakeFiles/cmTC_306fc.dir/build
make[1]: Entering directory '/run/media/raboten/c03df044-bb85-4f9c-a53f-e537b8a024a0/gemrb-0.8.6/build/CMakeFiles/CMakeTmp'
Building C object CMakeFiles/cmTC_306fc.dir/CheckFunctionExists.c.o
/run/media/raboten/c03df044-bb85-4f9c-a53f-e537b8a024a0/buildroot/output/host/usr/bin/mipsel-RetroFW-linux-uclibc-gcc --sysroot=/run/media/raboten/c03df044-bb85-4f9c-a53f-e537b8a024a0/buildroot/output/host/usr/mipsel-RetroFW-linux-uclibc/sysroot   -D_LARGEFILE_SOURCE -D_LARGEFILE64_SOURCE -D_FILE_OFFSET_BITS=64 -O2 -DCHECK_FUNCTION_EXISTS=_aligned_malloc  -DNDEBUG -o CMakeFiles/cmTC_306fc.dir/CheckFunctionExists.c.o -c /usr/share/cmake-3.18/Modules/CheckFunctionExists.c
Linking C executable cmTC_306fc
/usr/bin/cmake -E cmake_link_script CMakeFiles/cmTC_306fc.dir/link.txt --verbose=1
/run/media/raboten/c03df044-bb85-4f9c-a53f-e537b8a024a0/buildroot/output/host/usr/bin/mipsel-RetroFW-linux-uclibc-gcc --sysroot=/run/media/raboten/c03df044-bb85-4f9c-a53f-e537b8a024a0/buildroot/output/host/usr/mipsel-RetroFW-linux-uclibc/sysroot -D_LARGEFILE_SOURCE -D_LARGEFILE64_SOURCE -D_FILE_OFFSET_BITS=64 -O2 -DCHECK_FUNCTION_EXISTS=_aligned_malloc  -DNDEBUG CMakeFiles/cmTC_306fc.dir/CheckFunctionExists.c.o -o cmTC_306fc 
CMakeFiles/cmTC_306fc.dir/CheckFunctionExists.c.o: In function `main':
CheckFunctionExists.c:(.text.startup+0xc): undefined reference to `_aligned_malloc'
CheckFunctionExists.c:(.text.startup+0x28): undefined reference to `_aligned_malloc'
collect2: error: ld returned 1 exit status
make[1]: *** [CMakeFiles/cmTC_306fc.dir/build.make:106: cmTC_306fc] Error 1
make[1]: Leaving directory '/run/media/raboten/c03df044-bb85-4f9c-a53f-e537b8a024a0/gemrb-0.8.6/build/CMakeFiles/CMakeTmp'
make: *** [Makefile:140: cmTC_306fc/fast] Error 2



Performing C++ SOURCE FILE Test PERMITS_OBJECT_TO_FUNCTION_CAST failed with the following output:
Change Dir: /run/media/raboten/c03df044-bb85-4f9c-a53f-e537b8a024a0/gemrb-0.8.6/build/CMakeFiles/CMakeTmp

Run Build Command(s):/usr/bin/make cmTC_45cb0/fast && /usr/bin/make  -f CMakeFiles/cmTC_45cb0.dir/build.make CMakeFiles/cmTC_45cb0.dir/build
make[1]: Entering directory '/run/media/raboten/c03df044-bb85-4f9c-a53f-e537b8a024a0/gemrb-0.8.6/build/CMakeFiles/CMakeTmp'
Building CXX object CMakeFiles/cmTC_45cb0.dir/src.cxx.o
/run/media/raboten/c03df044-bb85-4f9c-a53f-e537b8a024a0/buildroot/output/host/usr/bin/mipsel-RetroFW-linux-uclibc-g++ --sysroot=/run/media/raboten/c03df044-bb85-4f9c-a53f-e537b8a024a0/buildroot/output/host/usr/mipsel-RetroFW-linux-uclibc/sysroot   -D_LARGEFILE_SOURCE -D_LARGEFILE64_SOURCE -D_FILE_OFFSET_BITS=64 -O2 -Wall -W -Wpointer-arith  -pedantic -Wno-format-y2k -Wno-long-long -fsigned-char -fvisibility=hidden -fno-stack-protector -Wimplicit-fallthrough=2 -DPERMITS_OBJECT_TO_FUNCTION_CAST  -DNDEBUG -o CMakeFiles/cmTC_45cb0.dir/src.cxx.o -c /run/media/raboten/c03df044-bb85-4f9c-a53f-e537b8a024a0/gemrb-0.8.6/build/CMakeFiles/CMakeTmp/src.cxx
/run/media/raboten/c03df044-bb85-4f9c-a53f-e537b8a024a0/gemrb-0.8.6/build/CMakeFiles/CMakeTmp/src.cxx:5:3: error: ‘function’ does not name a type
   function = (voidvoid) object;
   ^~~~~~~~
make[1]: *** [CMakeFiles/cmTC_45cb0.dir/build.make:85: CMakeFiles/cmTC_45cb0.dir/src.cxx.o] Error 1
make[1]: Leaving directory '/run/media/raboten/c03df044-bb85-4f9c-a53f-e537b8a024a0/gemrb-0.8.6/build/CMakeFiles/CMakeTmp'
make: *** [Makefile:140: cmTC_45cb0/fast] Error 2


Source file was:
typedef void *(* voidvoid)(void);

		void *object = 0;
		voidvoid function;
		function = (voidvoid) object;
		
